<?xml version="1.0" encoding="UTF-8"?>
<testng-results skipped="0" failed="0" ignored="0" total="1" passed="1">
  <reporter-output>
  </reporter-output>
  <suite name="Default suite" duration-ms="16470" started-at="2019-09-25T07:43:08Z" finished-at="2019-09-25T07:43:24Z">
    <groups>
    </groups>
    <test name="Default test" duration-ms="16470" started-at="2019-09-25T07:43:08Z" finished-at="2019-09-25T07:43:24Z">
      <class name="p1.NewTest">
        <test-method status="PASS" signature="beforeMethod()[pri:0, instance:p1.NewTest@4af044]" name="beforeMethod" is-config="true" duration-ms="14978" started-at="2019-09-25T13:13:08Z" finished-at="2019-09-25T13:13:23Z">
          <reporter-output>
          </reporter-output>
        </test-method> <!-- beforeMethod -->
        <test-method status="PASS" signature="tc1()[pri:0, instance:p1.NewTest@4af044]" name="tc1" duration-ms="1474" started-at="2019-09-25T13:13:23Z" finished-at="2019-09-25T13:13:24Z">
          <reporter-output>
          </reporter-output>
        </test-method> <!-- tc1 -->
      </class> <!-- p1.NewTest -->
    </test> <!-- Default test -->
  </suite> <!-- Default suite -->
</testng-results>
