<?xml version="1.0" encoding="UTF-8"?>
<!-- Generated by org.testng.reporters.JUnitXMLReporter -->
<testsuite hostname="QAPLANET-PC" ignored="0" name="Test" tests="1" failures="0" timestamp="25 Sep 2019 07:40:57 GMT" time="0.203" errors="0">
  <testcase name="@BeforeMethod beforeMethod" time="0.0" classname="p1.NewTest">
    <failure type="java.lang.IllegalStateException" message="The driver executable does not exist: C:\Users\QA26\]Downloads\geckodriver.exe">
      <![CDATA[java.lang.IllegalStateException: The driver executable does not exist: C:\Users\QA26\]Downloads\geckodriver.exe
	at com.google.common.base.Preconditions.checkState(Preconditions.java:585)
	at org.openqa.selenium.remote.service.DriverService.checkExecutable(DriverService.java:146)
	at org.openqa.selenium.remote.service.DriverService.findExecutable(DriverService.java:141)
	at org.openqa.selenium.firefox.GeckoDriverService.access$100(GeckoDriverService.java:44)
	at org.openqa.selenium.firefox.GeckoDriverService$Builder.findDefaultExecutable(GeckoDriverService.java:167)
	at org.openqa.selenium.remote.service.DriverService$Builder.build(DriverService.java:355)
	at org.openqa.selenium.firefox.FirefoxDriver.toExecutor(FirefoxDriver.java:190)
	at org.openqa.selenium.firefox.FirefoxDriver.<init>(FirefoxDriver.java:147)
	at org.openqa.selenium.firefox.FirefoxDriver.<init>(FirefoxDriver.java:125)
	at p1.NewTest.beforeMethod(NewTest.java:29)
... Removed 27 stack frames]]>
    </failure>
  </testcase> <!-- @BeforeMethod beforeMethod -->
  <testcase name="@AfterMethod afterMethod" time="0.0" classname="p1.NewTest">
    <skipped/>
  </testcase> <!-- @AfterMethod afterMethod -->
  <testcase name="tc1" time="0.0" classname="p1.NewTest">
    <skipped/>
  </testcase> <!-- tc1 -->
</testsuite> <!-- Test -->
